<?xml version="1.0" encoding="UTF-8"?>
<testng-results skipped="0" failed="0" total="2" passed="2">
  <reporter-output>
  </reporter-output>
  <suite name="Default suite" duration-ms="39043" started-at="2015-07-14T04:46:31Z" finished-at="2015-07-14T04:47:10Z">
    <groups>
    </groups>
    <test name="Default test" duration-ms="39043" started-at="2015-07-14T04:46:31Z" finished-at="2015-07-14T04:47:10Z">
      <class name="testCases.CopyAndMoveFolderTest">
        <test-method status="PASS" signature="beforeTest()[pri:0, instance:testCases.CopyAndMoveFolderTest@6b71769e]" name="beforeTest" is-config="true" duration-ms="8918" started-at="2015-07-14T12:46:31Z" finished-at="2015-07-14T12:46:40Z">
          <reporter-output>
          </reporter-output>
        </test-method> <!-- beforeTest -->
        <test-method status="PASS" signature="beforeMethod()[pri:0, instance:testCases.CopyAndMoveFolderTest@6b71769e]" name="beforeMethod" is-config="true" duration-ms="7199" started-at="2015-07-14T12:46:40Z" finished-at="2015-07-14T12:46:48Z">
          <reporter-output>
          </reporter-output>
        </test-method> <!-- beforeMethod -->
        <test-method status="PASS" signature="copyPersonalFolder()[pri:0, instance:testCases.CopyAndMoveFolderTest@6b71769e]" name="copyPersonalFolder" duration-ms="2528" started-at="2015-07-14T12:46:48Z" finished-at="2015-07-14T12:46:50Z">
          <reporter-output>
          </reporter-output>
        </test-method> <!-- copyPersonalFolder -->
        <test-method status="PASS" signature="afterMethod()[pri:0, instance:testCases.CopyAndMoveFolderTest@6b71769e]" name="afterMethod" is-config="true" duration-ms="2635" started-at="2015-07-14T12:46:50Z" finished-at="2015-07-14T12:46:53Z">
          <reporter-output>
          </reporter-output>
        </test-method> <!-- afterMethod -->
        <test-method status="PASS" signature="beforeMethod()[pri:0, instance:testCases.CopyAndMoveFolderTest@6b71769e]" name="beforeMethod" is-config="true" duration-ms="3577" started-at="2015-07-14T12:46:53Z" finished-at="2015-07-14T12:46:56Z">
          <reporter-output>
          </reporter-output>
        </test-method> <!-- beforeMethod -->
        <test-method status="PASS" signature="movePersonalFolder()[pri:0, instance:testCases.CopyAndMoveFolderTest@6b71769e]" name="movePersonalFolder" duration-ms="7991" started-at="2015-07-14T12:46:56Z" finished-at="2015-07-14T12:47:04Z">
          <reporter-output>
          </reporter-output>
        </test-method> <!-- movePersonalFolder -->
        <test-method status="PASS" signature="afterMethod()[pri:0, instance:testCases.CopyAndMoveFolderTest@6b71769e]" name="afterMethod" is-config="true" duration-ms="6031" started-at="2015-07-14T12:47:04Z" finished-at="2015-07-14T12:47:10Z">
          <reporter-output>
          </reporter-output>
        </test-method> <!-- afterMethod -->
        <test-method status="PASS" signature="afterTest()[pri:0, instance:testCases.CopyAndMoveFolderTest@6b71769e]" name="afterTest" is-config="true" duration-ms="140" started-at="2015-07-14T12:47:10Z" finished-at="2015-07-14T12:47:10Z">
          <reporter-output>
          </reporter-output>
        </test-method> <!-- afterTest -->
      </class> <!-- testCases.CopyAndMoveFolderTest -->
    </test> <!-- Default test -->
  </suite> <!-- Default suite -->
</testng-results>
